<?xml version="1.0" encoding="UTF-8"?>
<!-- Generated by org.testng.reporters.JUnitReportReporter -->
<testsuite hostname="Sanjay" failures="0" tests="1" name="com.Hospiol.qa.testcases.LoginPageTest" time="13.527" errors="0" timestamp="2024-01-18T11:40:47 IST" skipped="0">
  <testcase classname="com.Hospiol.qa.testcases.LoginPageTest" name="VerifyLoginPageTest" time="13.527"/>
  <system-out/>
</testsuite> <!-- com.Hospiol.qa.testcases.LoginPageTest -->
