<?xml version="1.0" encoding="UTF-8"?>
<!-- Generated by org.testng.reporters.JUnitReportReporter -->
<testsuite hostname="Sanjay" failures="0" tests="1" name="com.Hospiol.qa.testcases.HomePageTest" time="17.029" errors="0" timestamp="2024-01-18T13:10:11 IST" skipped="0">
  <testcase classname="com.Hospiol.qa.testcases.HomePageTest" name="verifyAppointmentPageTest" time="17.029"/>
  <system-out/>
</testsuite> <!-- com.Hospiol.qa.testcases.HomePageTest -->
