<?xml version="1.0" encoding="UTF-8"?>
<!-- Generated by org.testng.reporters.JUnitReportReporter -->
<testsuite hostname="Sanjay" failures="0" tests="1" name="com.Hospiol.qa.testcases.AppointmentPageTest" time="73.725" errors="0" timestamp="2024-01-27T11:07:50 IST" skipped="0">
  <testcase classname="com.Hospiol.qa.testcases.AppointmentPageTest" name="verifyTheAddAppointmentPageByAddingNewPatientDataTest" time="73.725"/>
  <system-out/>
</testsuite> <!-- com.Hospiol.qa.testcases.AppointmentPageTest -->
